<?xml version="1.0" encoding="UTF-8"?>
<testng-results ignored="0" total="1" passed="1" failed="0" skipped="0">
  <reporter-output>
  </reporter-output>
  <suite started-at="2022-02-24T12:50:48 IST" name="Default suite" finished-at="2022-02-24T12:51:20 IST" duration-ms="32256">
    <groups>
    </groups>
    <test started-at="2022-02-24T12:50:48 IST" name="Default test" finished-at="2022-02-24T12:51:20 IST" duration-ms="32256">
      <class name="com.Medicine_lead_TC.Medicine_lead_TC">
        <test-method is-config="true" signature="setup()[pri:0, instance:com.Medicine_lead_TC.Medicine_lead_TC@4f6ee6e4]" started-at="2022-02-24T12:50:48 IST" name="setup" finished-at="2022-02-24T12:50:59 IST" duration-ms="10888" status="PASS">
          <reporter-output>
          </reporter-output>
        </test-method> <!-- setup -->
        <test-method signature="freeglucolp1()[pri:0, instance:com.Medicine_lead_TC.Medicine_lead_TC@4f6ee6e4]" started-at="2022-02-24T12:50:59 IST" name="freeglucolp1" finished-at="2022-02-24T12:51:20 IST" duration-ms="21315" status="PASS">
          <reporter-output>
          </reporter-output>
        </test-method> <!-- freeglucolp1 -->
        <test-method is-config="true" signature="teardown()[pri:0, instance:com.Medicine_lead_TC.Medicine_lead_TC@4f6ee6e4]" started-at="2022-02-24T12:51:20 IST" name="teardown" finished-at="2022-02-24T12:51:20 IST" duration-ms="0" status="PASS">
          <reporter-output>
          </reporter-output>
        </test-method> <!-- teardown -->
      </class> <!-- com.Medicine_lead_TC.Medicine_lead_TC -->
    </test> <!-- Default test -->
  </suite> <!-- Default suite -->
</testng-results>
